2015-01-31 10:08:16 - MOD: Modification Default
FILE: system/engine/action.php
REGEX: ~(require|include)(_once)?\(([^)]+)~
LINE: 58
FILE: system/engine/loader.php
REGEX: ~(require|include)(_once)?\(([^)]+)~
LINE: 20
LINE: 37
LINE: 54
LINE: 65
FILE: system/library/config.php
REGEX: ~(require|include)(_once)?\(([^)]+)~
LINE: 23
FILE: system/library/language.php
REGEX: ~(require|include)(_once)?\(([^)]+)~
LINE: 21
LINE: 27
----------------------------------------------------------------
2016-03-11 6:49:36 - MOD: Modification Default
FILE: system/engine/action.php
REGEX: ~(require|include)(_once)?\(([^)]+)~
LINE: 58
FILE: system/engine/loader.php
REGEX: ~(require|include)(_once)?\(([^)]+)~
LINE: 20
LINE: 37
LINE: 54
LINE: 65
FILE: system/library/config.php
REGEX: ~(require|include)(_once)?\(([^)]+)~
LINE: 23
FILE: system/library/language.php
REGEX: ~(require|include)(_once)?\(([^)]+)~
LINE: 21
LINE: 27
----------------------------------------------------------------
MOD: Customer Group Coupon
FILE: admin/language/english/marketing/coupon.php
CODE: $_['heading_title']
LINE: 9
FILE: admin/model/marketing/coupon.php
CODE: (int)$data['uses_customer']
LINE: 5
LINE: 29
CODE: public function editCoupon($coupon_id, $data)
LINE: 44
CODE: date_end, status
LINE: 92
FILE: admin/controller/marketing/coupon.php
CODE: $coupon_total = $this->model_marketing_coupon->getTotalCoupons();
LINE: 180
CODE: $result['name'],
LINE: 187
CODE: $data['token'] = $this->session->data['token'];
LINE: 331
CODE: if (isset($this->request->post['name'])) {
LINE: 435
FILE: admin/view/template/marketing/coupon_form.tpl
CODE: <label class="col-sm-2 control-label" for="input-product">
LINE: 129
FILE: admin/view/template/marketing/coupon_list.tpl
CODE: <td class="text-left"><?php if ($sort == 'c.code') { ?>
LINE: 47
CODE: <td class="text-left"><?php echo $coupon['name']; ?></td>
LINE: 84
FILE: catalog/model/checkout/coupon.php
CODE: if ($coupon_query->num_rows) {
LINE: 7
----------------------------------------------------------------
2016-03-12 13:15:02 - MOD: Modification Default
FILE: system/engine/action.php
REGEX: ~(require|include)(_once)?\(([^)]+)~
LINE: 58
FILE: system/engine/loader.php
REGEX: ~(require|include)(_once)?\(([^)]+)~
LINE: 20
LINE: 37
LINE: 54
LINE: 65
FILE: system/library/config.php
REGEX: ~(require|include)(_once)?\(([^)]+)~
LINE: 23
FILE: system/library/language.php
REGEX: ~(require|include)(_once)?\(([^)]+)~
LINE: 21
LINE: 27
----------------------------------------------------------------
MOD: Customer Group Coupon
FILE: admin/language/english/marketing/coupon.php
CODE: $_['heading_title']
LINE: 9
FILE: admin/model/marketing/coupon.php
CODE: (int)$data['uses_customer']
LINE: 5
LINE: 29
CODE: public function editCoupon($coupon_id, $data)
LINE: 44
CODE: date_end, status
LINE: 92
FILE: admin/controller/marketing/coupon.php
CODE: $coupon_total = $this->model_marketing_coupon->getTotalCoupons();
LINE: 180
CODE: $result['name'],
LINE: 187
CODE: $data['token'] = $this->session->data['token'];
LINE: 331
CODE: if (isset($this->request->post['name'])) {
LINE: 435
FILE: admin/view/template/marketing/coupon_form.tpl
CODE: <label class="col-sm-2 control-label" for="input-product">
LINE: 129
FILE: admin/view/template/marketing/coupon_list.tpl
CODE: <td class="text-left"><?php if ($sort == 'c.code') { ?>
LINE: 47
CODE: <td class="text-left"><?php echo $coupon['name']; ?></td>
LINE: 84
FILE: catalog/model/checkout/coupon.php
CODE: if ($coupon_query->num_rows) {
LINE: 7
----------------------------------------------------------------
2016-03-12 13:41:36 - MOD: Modification Default
FILE: system/engine/action.php
REGEX: ~(require|include)(_once)?\(([^)]+)~
LINE: 58
FILE: system/engine/loader.php
REGEX: ~(require|include)(_once)?\(([^)]+)~
LINE: 20
LINE: 37
LINE: 54
LINE: 65
FILE: system/library/config.php
REGEX: ~(require|include)(_once)?\(([^)]+)~
LINE: 23
FILE: system/library/language.php
REGEX: ~(require|include)(_once)?\(([^)]+)~
LINE: 21
LINE: 27
----------------------------------------------------------------
MOD: Customer Group Coupon
FILE: admin/language/english/marketing/coupon.php
CODE: $_['heading_title']
LINE: 9
FILE: admin/model/marketing/coupon.php
CODE: (int)$data['uses_customer']
LINE: 5
LINE: 29
CODE: public function editCoupon($coupon_id, $data)
LINE: 44
CODE: date_end, status
LINE: 92
FILE: admin/controller/marketing/coupon.php
CODE: $coupon_total = $this->model_marketing_coupon->getTotalCoupons();
LINE: 180
CODE: $result['name'],
LINE: 187
CODE: $data['token'] = $this->session->data['token'];
LINE: 331
CODE: if (isset($this->request->post['name'])) {
LINE: 435
FILE: admin/view/template/marketing/coupon_form.tpl
CODE: <label class="col-sm-2 control-label" for="input-product">
LINE: 129
FILE: admin/view/template/marketing/coupon_list.tpl
CODE: <td class="text-left"><?php if ($sort == 'c.code') { ?>
LINE: 47
CODE: <td class="text-left"><?php echo $coupon['name']; ?></td>
LINE: 84
FILE: catalog/model/checkout/coupon.php
CODE: if ($coupon_query->num_rows) {
LINE: 7
----------------------------------------------------------------
2016-03-14 5:11:31 - MOD: Modification Default
FILE: system/engine/action.php
REGEX: ~(require|include)(_once)?\(([^)]+)~
LINE: 58
FILE: system/engine/loader.php
REGEX: ~(require|include)(_once)?\(([^)]+)~
LINE: 20
LINE: 37
LINE: 54
LINE: 65
FILE: system/library/config.php
REGEX: ~(require|include)(_once)?\(([^)]+)~
LINE: 23
FILE: system/library/language.php
REGEX: ~(require|include)(_once)?\(([^)]+)~
LINE: 21
LINE: 27
----------------------------------------------------------------
MOD: Customer Group Coupon
FILE: admin/language/english/marketing/coupon.php
CODE: $_['heading_title']
LINE: 9
FILE: admin/model/marketing/coupon.php
CODE: (int)$data['uses_customer']
LINE: 5
LINE: 29
CODE: public function editCoupon($coupon_id, $data)
LINE: 44
CODE: date_end, status
LINE: 92
FILE: admin/controller/marketing/coupon.php
CODE: $coupon_total = $this->model_marketing_coupon->getTotalCoupons();
LINE: 180
CODE: $result['name'],
LINE: 187
CODE: $data['token'] = $this->session->data['token'];
LINE: 331
CODE: if (isset($this->request->post['name'])) {
LINE: 435
FILE: admin/view/template/marketing/coupon_form.tpl
CODE: <label class="col-sm-2 control-label" for="input-product">
LINE: 129
FILE: admin/view/template/marketing/coupon_list.tpl
CODE: <td class="text-left"><?php if ($sort == 'c.code') { ?>
LINE: 47
CODE: <td class="text-left"><?php echo $coupon['name']; ?></td>
LINE: 84
FILE: catalog/model/checkout/coupon.php
CODE: if ($coupon_query->num_rows) {
LINE: 7
----------------------------------------------------------------
2016-03-15 5:30:53 - MOD: Modification Default
FILE: system/engine/action.php
REGEX: ~(require|include)(_once)?\(([^)]+)~
LINE: 58
FILE: system/engine/loader.php
REGEX: ~(require|include)(_once)?\(([^)]+)~
LINE: 20
LINE: 37
LINE: 54
LINE: 65
FILE: system/library/config.php
REGEX: ~(require|include)(_once)?\(([^)]+)~
LINE: 23
FILE: system/library/language.php
REGEX: ~(require|include)(_once)?\(([^)]+)~
LINE: 21
LINE: 27
----------------------------------------------------------------
MOD: Customer Group Coupon
FILE: admin/language/english/marketing/coupon.php
CODE: $_['heading_title']
LINE: 9
FILE: admin/model/marketing/coupon.php
CODE: (int)$data['uses_customer']
LINE: 5
LINE: 29
CODE: public function editCoupon($coupon_id, $data)
LINE: 44
CODE: date_end, status
LINE: 92
FILE: admin/controller/marketing/coupon.php
CODE: $coupon_total = $this->model_marketing_coupon->getTotalCoupons();
LINE: 180
CODE: $result['name'],
LINE: 187
CODE: $data['token'] = $this->session->data['token'];
LINE: 331
CODE: if (isset($this->request->post['name'])) {
LINE: 435
FILE: admin/view/template/marketing/coupon_form.tpl
CODE: <label class="col-sm-2 control-label" for="input-product">
LINE: 129
FILE: admin/view/template/marketing/coupon_list.tpl
CODE: <td class="text-left"><?php if ($sort == 'c.code') { ?>
LINE: 47
CODE: <td class="text-left"><?php echo $coupon['name']; ?></td>
LINE: 84
FILE: catalog/model/checkout/coupon.php
CODE: if ($coupon_query->num_rows) {
LINE: 7
----------------------------------------------------------------
2016-03-15 6:17:14 - MOD: Modification Default
FILE: system/engine/action.php
REGEX: ~(require|include)(_once)?\(([^)]+)~
LINE: 58
FILE: system/engine/loader.php
REGEX: ~(require|include)(_once)?\(([^)]+)~
LINE: 20
LINE: 37
LINE: 54
LINE: 65
FILE: system/library/config.php
REGEX: ~(require|include)(_once)?\(([^)]+)~
LINE: 23
FILE: system/library/language.php
REGEX: ~(require|include)(_once)?\(([^)]+)~
LINE: 21
LINE: 27
----------------------------------------------------------------
MOD: Customer Group Coupon
FILE: admin/language/english/marketing/coupon.php
CODE: $_['heading_title']
LINE: 9
FILE: admin/model/marketing/coupon.php
CODE: (int)$data['uses_customer']
LINE: 5
LINE: 29
CODE: public function editCoupon($coupon_id, $data)
LINE: 44
CODE: date_end, status
LINE: 92
FILE: admin/controller/marketing/coupon.php
CODE: $coupon_total = $this->model_marketing_coupon->getTotalCoupons();
LINE: 180
CODE: $result['name'],
LINE: 187
CODE: $data['token'] = $this->session->data['token'];
LINE: 331
CODE: if (isset($this->request->post['name'])) {
LINE: 435
FILE: admin/view/template/marketing/coupon_form.tpl
CODE: <label class="col-sm-2 control-label" for="input-product">
LINE: 129
FILE: admin/view/template/marketing/coupon_list.tpl
CODE: <td class="text-left"><?php if ($sort == 'c.code') { ?>
LINE: 47
CODE: <td class="text-left"><?php echo $coupon['name']; ?></td>
LINE: 84
FILE: catalog/model/checkout/coupon.php
CODE: if ($coupon_query->num_rows) {
LINE: 7
----------------------------------------------------------------
2016-03-18 11:40:37 - MOD: Modification Default
FILE: system/engine/action.php
REGEX: ~(require|include)(_once)?\(([^)]+)~
LINE: 58
FILE: system/engine/loader.php
REGEX: ~(require|include)(_once)?\(([^)]+)~
LINE: 20
LINE: 37
LINE: 54
LINE: 65
FILE: system/library/config.php
REGEX: ~(require|include)(_once)?\(([^)]+)~
LINE: 23
FILE: system/library/language.php
REGEX: ~(require|include)(_once)?\(([^)]+)~
LINE: 21
LINE: 27
----------------------------------------------------------------
MOD: Customer Group Coupon
FILE: admin/language/english/marketing/coupon.php
CODE: $_['heading_title']
LINE: 9
FILE: admin/model/marketing/coupon.php
CODE: (int)$data['uses_customer']
LINE: 5
LINE: 29
CODE: public function editCoupon($coupon_id, $data)
LINE: 44
CODE: date_end, status
LINE: 92
FILE: admin/controller/marketing/coupon.php
CODE: $coupon_total = $this->model_marketing_coupon->getTotalCoupons();
LINE: 180
CODE: $result['name'],
LINE: 187
CODE: $data['token'] = $this->session->data['token'];
LINE: 331
CODE: if (isset($this->request->post['name'])) {
LINE: 435
FILE: admin/view/template/marketing/coupon_form.tpl
CODE: <label class="col-sm-2 control-label" for="input-product">
LINE: 129
FILE: admin/view/template/marketing/coupon_list.tpl
CODE: <td class="text-left"><?php if ($sort == 'c.code') { ?>
LINE: 47
CODE: <td class="text-left"><?php echo $coupon['name']; ?></td>
LINE: 84
FILE: catalog/model/checkout/coupon.php
CODE: if ($coupon_query->num_rows) {
LINE: 7
----------------------------------------------------------------
2017-05-31 8:52:31 - MOD: Modification Default
FILE: system/engine/action.php
REGEX: ~(require|include)(_once)?\(([^)]+)~
LINE: 58
FILE: system/engine/loader.php
REGEX: ~(require|include)(_once)?\(([^)]+)~
LINE: 20
LINE: 37
LINE: 54
LINE: 65
FILE: system/library/config.php
REGEX: ~(require|include)(_once)?\(([^)]+)~
LINE: 23
FILE: system/library/language.php
REGEX: ~(require|include)(_once)?\(([^)]+)~
LINE: 21
LINE: 27
----------------------------------------------------------------
MOD: Customer Group Coupon
FILE: admin/language/english/marketing/coupon.php
CODE: $_['heading_title']
LINE: 9
FILE: admin/model/marketing/coupon.php
CODE: (int)$data['uses_customer']
LINE: 5
LINE: 29
CODE: public function editCoupon($coupon_id, $data)
LINE: 44
CODE: date_end, status
LINE: 92
FILE: admin/controller/marketing/coupon.php
CODE: $coupon_total = $this->model_marketing_coupon->getTotalCoupons();
LINE: 180
CODE: $result['name'],
LINE: 187
CODE: $data['token'] = $this->session->data['token'];
LINE: 331
CODE: if (isset($this->request->post['name'])) {
LINE: 435
FILE: admin/view/template/marketing/coupon_form.tpl
CODE: <label class="col-sm-2 control-label" for="input-product">
LINE: 129
FILE: admin/view/template/marketing/coupon_list.tpl
CODE: <td class="text-left"><?php if ($sort == 'c.code') { ?>
LINE: 47
CODE: <td class="text-left"><?php echo $coupon['name']; ?></td>
LINE: 84
FILE: catalog/model/checkout/coupon.php
CODE: if ($coupon_query->num_rows) {
LINE: 7
----------------------------------------------------------------
MOD: Progress Bar - OpenCart 2.x
FILE: catalog/view/theme/default/template/common/header.tpl
CODE: </head>
LINE: 61
FILE: catalog/controller/common/header.php
CODE: $data['name'] = $this->config->get('config_name');
LINE: 20
----------------------------------------------------------------
2017-05-31 8:59:24 - MOD: Modification Default
FILE: system/engine/action.php
REGEX: ~(require|include)(_once)?\(([^)]+)~
LINE: 58
FILE: system/engine/loader.php
REGEX: ~(require|include)(_once)?\(([^)]+)~
LINE: 20
LINE: 37
LINE: 54
LINE: 65
FILE: system/library/config.php
REGEX: ~(require|include)(_once)?\(([^)]+)~
LINE: 23
FILE: system/library/language.php
REGEX: ~(require|include)(_once)?\(([^)]+)~
LINE: 21
LINE: 27
----------------------------------------------------------------
MOD: Customer Group Coupon
FILE: admin/language/english/marketing/coupon.php
CODE: $_['heading_title']
LINE: 9
FILE: admin/model/marketing/coupon.php
CODE: (int)$data['uses_customer']
LINE: 5
LINE: 29
CODE: public function editCoupon($coupon_id, $data)
LINE: 44
CODE: date_end, status
LINE: 92
FILE: admin/controller/marketing/coupon.php
CODE: $coupon_total = $this->model_marketing_coupon->getTotalCoupons();
LINE: 180
CODE: $result['name'],
LINE: 187
CODE: $data['token'] = $this->session->data['token'];
LINE: 331
CODE: if (isset($this->request->post['name'])) {
LINE: 435
FILE: admin/view/template/marketing/coupon_form.tpl
CODE: <label class="col-sm-2 control-label" for="input-product">
LINE: 129
FILE: admin/view/template/marketing/coupon_list.tpl
CODE: <td class="text-left"><?php if ($sort == 'c.code') { ?>
LINE: 47
CODE: <td class="text-left"><?php echo $coupon['name']; ?></td>
LINE: 84
FILE: catalog/model/checkout/coupon.php
CODE: if ($coupon_query->num_rows) {
LINE: 7
----------------------------------------------------------------
MOD: Progress Bar - OpenCart 2.x
FILE: catalog/view/theme/default/template/common/header.tpl
CODE: </head>
LINE: 61
FILE: catalog/controller/common/header.php
CODE: $data['name'] = $this->config->get('config_name');
LINE: 20
----------------------------------------------------------------
2017-05-31 10:02:13 - MOD: Modification Default
FILE: system/engine/action.php
REGEX: ~(require|include)(_once)?\(([^)]+)~
LINE: 58
FILE: system/engine/loader.php
REGEX: ~(require|include)(_once)?\(([^)]+)~
LINE: 20
LINE: 37
LINE: 54
LINE: 65
FILE: system/library/config.php
REGEX: ~(require|include)(_once)?\(([^)]+)~
LINE: 23
FILE: system/library/language.php
REGEX: ~(require|include)(_once)?\(([^)]+)~
LINE: 21
LINE: 27
----------------------------------------------------------------
MOD: Customer Group Coupon
FILE: admin/language/english/marketing/coupon.php
CODE: $_['heading_title']
LINE: 9
FILE: admin/model/marketing/coupon.php
CODE: (int)$data['uses_customer']
LINE: 5
LINE: 29
CODE: public function editCoupon($coupon_id, $data)
LINE: 44
CODE: date_end, status
LINE: 92
FILE: admin/controller/marketing/coupon.php
CODE: $coupon_total = $this->model_marketing_coupon->getTotalCoupons();
LINE: 180
CODE: $result['name'],
LINE: 187
CODE: $data['token'] = $this->session->data['token'];
LINE: 331
CODE: if (isset($this->request->post['name'])) {
LINE: 435
FILE: admin/view/template/marketing/coupon_form.tpl
CODE: <label class="col-sm-2 control-label" for="input-product">
LINE: 129
FILE: admin/view/template/marketing/coupon_list.tpl
CODE: <td class="text-left"><?php if ($sort == 'c.code') { ?>
LINE: 47
CODE: <td class="text-left"><?php echo $coupon['name']; ?></td>
LINE: 84
FILE: catalog/model/checkout/coupon.php
CODE: if ($coupon_query->num_rows) {
LINE: 7
----------------------------------------------------------------
MOD: Local copy OCMOD by iSenseLabs
FILE: admin/controller/extension/installer.php
CODE: 'url'  => str_replace('&amp;', '&', $this->url->link('extension/installer/ftp', 'token=' . $this->session->data['token'],
LINE: 132
CODE: public function unzip() {
LINE: 293
----------------------------------------------------------------
MOD: Progress Bar - OpenCart 2.x
FILE: catalog/view/theme/default/template/common/header.tpl
CODE: </head>
LINE: 61
FILE: catalog/controller/common/header.php
CODE: $data['name'] = $this->config->get('config_name');
LINE: 20
----------------------------------------------------------------
2017-05-31 10:04:14 - MOD: Modification Default
FILE: system/engine/action.php
REGEX: ~(require|include)(_once)?\(([^)]+)~
LINE: 58
FILE: system/engine/loader.php
REGEX: ~(require|include)(_once)?\(([^)]+)~
LINE: 20
LINE: 37
LINE: 54
LINE: 65
FILE: system/library/config.php
REGEX: ~(require|include)(_once)?\(([^)]+)~
LINE: 23
FILE: system/library/language.php
REGEX: ~(require|include)(_once)?\(([^)]+)~
LINE: 21
LINE: 27
----------------------------------------------------------------
MOD: Customer Group Coupon
FILE: admin/language/english/marketing/coupon.php
CODE: $_['heading_title']
LINE: 9
FILE: admin/model/marketing/coupon.php
CODE: (int)$data['uses_customer']
LINE: 5
LINE: 29
CODE: public function editCoupon($coupon_id, $data)
LINE: 44
CODE: date_end, status
LINE: 92
FILE: admin/controller/marketing/coupon.php
CODE: $coupon_total = $this->model_marketing_coupon->getTotalCoupons();
LINE: 180
CODE: $result['name'],
LINE: 187
CODE: $data['token'] = $this->session->data['token'];
LINE: 331
CODE: if (isset($this->request->post['name'])) {
LINE: 435
FILE: admin/view/template/marketing/coupon_form.tpl
CODE: <label class="col-sm-2 control-label" for="input-product">
LINE: 129
FILE: admin/view/template/marketing/coupon_list.tpl
CODE: <td class="text-left"><?php if ($sort == 'c.code') { ?>
LINE: 47
CODE: <td class="text-left"><?php echo $coupon['name']; ?></td>
LINE: 84
FILE: catalog/model/checkout/coupon.php
CODE: if ($coupon_query->num_rows) {
LINE: 7
----------------------------------------------------------------
MOD: Local copy OCMOD by iSenseLabs
FILE: admin/controller/extension/installer.php
CODE: 'url'  => str_replace('&amp;', '&', $this->url->link('extension/installer/ftp', 'token=' . $this->session->data['token'],
LINE: 132
CODE: public function unzip() {
LINE: 293
----------------------------------------------------------------
MOD: Progress Bar - OpenCart 2.x
FILE: catalog/view/theme/default/template/common/header.tpl
CODE: </head>
LINE: 61
FILE: catalog/controller/common/header.php
CODE: $data['name'] = $this->config->get('config_name');
LINE: 20
----------------------------------------------------------------
2017-05-31 10:16:55 - MOD: Modification Default
FILE: system/engine/action.php
REGEX: ~(require|include)(_once)?\(([^)]+)~
LINE: 58
FILE: system/engine/loader.php
REGEX: ~(require|include)(_once)?\(([^)]+)~
LINE: 20
LINE: 37
LINE: 54
LINE: 65
FILE: system/library/config.php
REGEX: ~(require|include)(_once)?\(([^)]+)~
LINE: 23
FILE: system/library/language.php
REGEX: ~(require|include)(_once)?\(([^)]+)~
LINE: 21
LINE: 27
----------------------------------------------------------------
MOD: Customer Group Coupon
FILE: admin/language/english/marketing/coupon.php
CODE: $_['heading_title']
LINE: 9
FILE: admin/model/marketing/coupon.php
CODE: (int)$data['uses_customer']
LINE: 5
LINE: 29
CODE: public function editCoupon($coupon_id, $data)
LINE: 44
CODE: date_end, status
LINE: 92
FILE: admin/controller/marketing/coupon.php
CODE: $coupon_total = $this->model_marketing_coupon->getTotalCoupons();
LINE: 180
CODE: $result['name'],
LINE: 187
CODE: $data['token'] = $this->session->data['token'];
LINE: 331
CODE: if (isset($this->request->post['name'])) {
LINE: 435
FILE: admin/view/template/marketing/coupon_form.tpl
CODE: <label class="col-sm-2 control-label" for="input-product">
LINE: 129
FILE: admin/view/template/marketing/coupon_list.tpl
CODE: <td class="text-left"><?php if ($sort == 'c.code') { ?>
LINE: 47
CODE: <td class="text-left"><?php echo $coupon['name']; ?></td>
LINE: 84
FILE: catalog/model/checkout/coupon.php
CODE: if ($coupon_query->num_rows) {
LINE: 7
----------------------------------------------------------------
MOD: Local copy OCMOD by iSenseLabs
FILE: admin/controller/extension/installer.php
CODE: 'url'  => str_replace('&amp;', '&', $this->url->link('extension/installer/ftp', 'token=' . $this->session->data['token'],
LINE: 132
CODE: public function unzip() {
LINE: 293
----------------------------------------------------------------
MOD: Progress Bar - OpenCart 2.x
FILE: catalog/view/theme/default/template/common/header.tpl
CODE: </head>
LINE: 61
FILE: catalog/controller/common/header.php
CODE: $data['name'] = $this->config->get('config_name');
LINE: 20
----------------------------------------------------------------
2017-05-31 10:16:59 - MOD: Modification Default
FILE: system/engine/action.php
REGEX: ~(require|include)(_once)?\(([^)]+)~
LINE: 58
FILE: system/engine/loader.php
REGEX: ~(require|include)(_once)?\(([^)]+)~
LINE: 20
LINE: 37
LINE: 54
LINE: 65
FILE: system/library/config.php
REGEX: ~(require|include)(_once)?\(([^)]+)~
LINE: 23
FILE: system/library/language.php
REGEX: ~(require|include)(_once)?\(([^)]+)~
LINE: 21
LINE: 27
----------------------------------------------------------------
MOD: Customer Group Coupon
FILE: admin/language/english/marketing/coupon.php
CODE: $_['heading_title']
LINE: 9
FILE: admin/model/marketing/coupon.php
CODE: (int)$data['uses_customer']
LINE: 5
LINE: 29
CODE: public function editCoupon($coupon_id, $data)
LINE: 44
CODE: date_end, status
LINE: 92
FILE: admin/controller/marketing/coupon.php
CODE: $coupon_total = $this->model_marketing_coupon->getTotalCoupons();
LINE: 180
CODE: $result['name'],
LINE: 187
CODE: $data['token'] = $this->session->data['token'];
LINE: 331
CODE: if (isset($this->request->post['name'])) {
LINE: 435
FILE: admin/view/template/marketing/coupon_form.tpl
CODE: <label class="col-sm-2 control-label" for="input-product">
LINE: 129
FILE: admin/view/template/marketing/coupon_list.tpl
CODE: <td class="text-left"><?php if ($sort == 'c.code') { ?>
LINE: 47
CODE: <td class="text-left"><?php echo $coupon['name']; ?></td>
LINE: 84
FILE: catalog/model/checkout/coupon.php
CODE: if ($coupon_query->num_rows) {
LINE: 7
----------------------------------------------------------------
MOD: Local copy OCMOD by iSenseLabs
FILE: admin/controller/extension/installer.php
CODE: 'url'  => str_replace('&amp;', '&', $this->url->link('extension/installer/ftp', 'token=' . $this->session->data['token'],
LINE: 132
CODE: public function unzip() {
LINE: 293
----------------------------------------------------------------
MOD: Progress Bar - OpenCart 2.x
FILE: catalog/view/theme/default/template/common/header.tpl
CODE: </head>
LINE: 61
FILE: catalog/controller/common/header.php
CODE: $data['name'] = $this->config->get('config_name');
LINE: 20
----------------------------------------------------------------
2017-05-31 10:17:09 - MOD: Modification Default
FILE: system/engine/action.php
REGEX: ~(require|include)(_once)?\(([^)]+)~
LINE: 58
FILE: system/engine/loader.php
REGEX: ~(require|include)(_once)?\(([^)]+)~
LINE: 20
LINE: 37
LINE: 54
LINE: 65
FILE: system/library/config.php
REGEX: ~(require|include)(_once)?\(([^)]+)~
LINE: 23
FILE: system/library/language.php
REGEX: ~(require|include)(_once)?\(([^)]+)~
LINE: 21
LINE: 27
----------------------------------------------------------------
MOD: Customer Group Coupon
FILE: admin/language/english/marketing/coupon.php
CODE: $_['heading_title']
LINE: 9
FILE: admin/model/marketing/coupon.php
CODE: (int)$data['uses_customer']
LINE: 5
LINE: 29
CODE: public function editCoupon($coupon_id, $data)
LINE: 44
CODE: date_end, status
LINE: 92
FILE: admin/controller/marketing/coupon.php
CODE: $coupon_total = $this->model_marketing_coupon->getTotalCoupons();
LINE: 180
CODE: $result['name'],
LINE: 187
CODE: $data['token'] = $this->session->data['token'];
LINE: 331
CODE: if (isset($this->request->post['name'])) {
LINE: 435
FILE: admin/view/template/marketing/coupon_form.tpl
CODE: <label class="col-sm-2 control-label" for="input-product">
LINE: 129
FILE: admin/view/template/marketing/coupon_list.tpl
CODE: <td class="text-left"><?php if ($sort == 'c.code') { ?>
LINE: 47
CODE: <td class="text-left"><?php echo $coupon['name']; ?></td>
LINE: 84
FILE: catalog/model/checkout/coupon.php
CODE: if ($coupon_query->num_rows) {
LINE: 7
----------------------------------------------------------------
MOD: Local copy OCMOD by iSenseLabs
FILE: admin/controller/extension/installer.php
CODE: 'url'  => str_replace('&amp;', '&', $this->url->link('extension/installer/ftp', 'token=' . $this->session->data['token'],
LINE: 132
CODE: public function unzip() {
LINE: 293
----------------------------------------------------------------
2017-05-31 10:17:13 - MOD: Modification Default
FILE: system/engine/action.php
REGEX: ~(require|include)(_once)?\(([^)]+)~
LINE: 58
FILE: system/engine/loader.php
REGEX: ~(require|include)(_once)?\(([^)]+)~
LINE: 20
LINE: 37
LINE: 54
LINE: 65
FILE: system/library/config.php
REGEX: ~(require|include)(_once)?\(([^)]+)~
LINE: 23
FILE: system/library/language.php
REGEX: ~(require|include)(_once)?\(([^)]+)~
LINE: 21
LINE: 27
----------------------------------------------------------------
MOD: Customer Group Coupon
FILE: admin/language/english/marketing/coupon.php
CODE: $_['heading_title']
LINE: 9
FILE: admin/model/marketing/coupon.php
CODE: (int)$data['uses_customer']
LINE: 5
LINE: 29
CODE: public function editCoupon($coupon_id, $data)
LINE: 44
CODE: date_end, status
LINE: 92
FILE: admin/controller/marketing/coupon.php
CODE: $coupon_total = $this->model_marketing_coupon->getTotalCoupons();
LINE: 180
CODE: $result['name'],
LINE: 187
CODE: $data['token'] = $this->session->data['token'];
LINE: 331
CODE: if (isset($this->request->post['name'])) {
LINE: 435
FILE: admin/view/template/marketing/coupon_form.tpl
CODE: <label class="col-sm-2 control-label" for="input-product">
LINE: 129
FILE: admin/view/template/marketing/coupon_list.tpl
CODE: <td class="text-left"><?php if ($sort == 'c.code') { ?>
LINE: 47
CODE: <td class="text-left"><?php echo $coupon['name']; ?></td>
LINE: 84
FILE: catalog/model/checkout/coupon.php
CODE: if ($coupon_query->num_rows) {
LINE: 7
----------------------------------------------------------------
MOD: Local copy OCMOD by iSenseLabs
FILE: admin/controller/extension/installer.php
CODE: 'url'  => str_replace('&amp;', '&', $this->url->link('extension/installer/ftp', 'token=' . $this->session->data['token'],
LINE: 132
CODE: public function unzip() {
LINE: 293
----------------------------------------------------------------
2017-05-31 11:23:21 - MOD: Modification Default
FILE: system/engine/action.php
REGEX: ~(require|include)(_once)?\(([^)]+)~
LINE: 58
FILE: system/engine/loader.php
REGEX: ~(require|include)(_once)?\(([^)]+)~
LINE: 20
LINE: 37
LINE: 54
LINE: 65
FILE: system/library/config.php
REGEX: ~(require|include)(_once)?\(([^)]+)~
LINE: 23
FILE: system/library/language.php
REGEX: ~(require|include)(_once)?\(([^)]+)~
LINE: 21
LINE: 27
----------------------------------------------------------------
MOD: Customer Group Coupon
FILE: admin/language/english/marketing/coupon.php
CODE: $_['heading_title']
LINE: 9
FILE: admin/model/marketing/coupon.php
CODE: (int)$data['uses_customer']
LINE: 5
LINE: 29
CODE: public function editCoupon($coupon_id, $data)
LINE: 44
CODE: date_end, status
LINE: 92
FILE: admin/controller/marketing/coupon.php
CODE: $coupon_total = $this->model_marketing_coupon->getTotalCoupons();
LINE: 180
CODE: $result['name'],
LINE: 187
CODE: $data['token'] = $this->session->data['token'];
LINE: 331
CODE: if (isset($this->request->post['name'])) {
LINE: 435
FILE: admin/view/template/marketing/coupon_form.tpl
CODE: <label class="col-sm-2 control-label" for="input-product">
LINE: 129
FILE: admin/view/template/marketing/coupon_list.tpl
CODE: <td class="text-left"><?php if ($sort == 'c.code') { ?>
LINE: 47
CODE: <td class="text-left"><?php echo $coupon['name']; ?></td>
LINE: 84
FILE: catalog/model/checkout/coupon.php
CODE: if ($coupon_query->num_rows) {
LINE: 7
----------------------------------------------------------------
MOD: Local copy OCMOD by iSenseLabs
FILE: admin/controller/extension/installer.php
CODE: 'url'  => str_replace('&amp;', '&', $this->url->link('extension/installer/ftp', 'token=' . $this->session->data['token'],
LINE: 132
CODE: public function unzip() {
LINE: 293
----------------------------------------------------------------
2017-06-01 12:09:32 - MOD: Modification Default
FILE: system/engine/action.php
REGEX: ~(require|include)(_once)?\(([^)]+)~
LINE: 58
FILE: system/engine/loader.php
REGEX: ~(require|include)(_once)?\(([^)]+)~
LINE: 20
LINE: 37
LINE: 54
LINE: 65
FILE: system/library/config.php
REGEX: ~(require|include)(_once)?\(([^)]+)~
LINE: 23
FILE: system/library/language.php
REGEX: ~(require|include)(_once)?\(([^)]+)~
LINE: 21
LINE: 27
----------------------------------------------------------------
MOD: Customer Group Coupon
FILE: admin/language/english/marketing/coupon.php
CODE: $_['heading_title']
LINE: 9
FILE: admin/model/marketing/coupon.php
CODE: (int)$data['uses_customer']
LINE: 5
LINE: 29
CODE: public function editCoupon($coupon_id, $data)
LINE: 44
CODE: date_end, status
LINE: 92
FILE: admin/controller/marketing/coupon.php
CODE: $coupon_total = $this->model_marketing_coupon->getTotalCoupons();
LINE: 180
CODE: $result['name'],
LINE: 187
CODE: $data['token'] = $this->session->data['token'];
LINE: 331
CODE: if (isset($this->request->post['name'])) {
LINE: 435
FILE: admin/view/template/marketing/coupon_form.tpl
CODE: <label class="col-sm-2 control-label" for="input-product">
LINE: 129
FILE: admin/view/template/marketing/coupon_list.tpl
CODE: <td class="text-left"><?php if ($sort == 'c.code') { ?>
LINE: 47
CODE: <td class="text-left"><?php echo $coupon['name']; ?></td>
LINE: 84
FILE: catalog/model/checkout/coupon.php
CODE: if ($coupon_query->num_rows) {
LINE: 7
----------------------------------------------------------------
MOD: Local copy OCMOD by iSenseLabs
FILE: admin/controller/extension/installer.php
CODE: 'url'  => str_replace('&amp;', '&', $this->url->link('extension/installer/ftp', 'token=' . $this->session->data['token'],
LINE: 132
CODE: public function unzip() {
LINE: 293
----------------------------------------------------------------
2017-06-01 12:09:49 - MOD: Modification Default
FILE: system/engine/action.php
REGEX: ~(require|include)(_once)?\(([^)]+)~
LINE: 58
FILE: system/engine/loader.php
REGEX: ~(require|include)(_once)?\(([^)]+)~
LINE: 20
LINE: 37
LINE: 54
LINE: 65
FILE: system/library/config.php
REGEX: ~(require|include)(_once)?\(([^)]+)~
LINE: 23
FILE: system/library/language.php
REGEX: ~(require|include)(_once)?\(([^)]+)~
LINE: 21
LINE: 27
----------------------------------------------------------------
MOD: Customer Group Coupon
FILE: admin/language/english/marketing/coupon.php
CODE: $_['heading_title']
LINE: 9
FILE: admin/model/marketing/coupon.php
CODE: (int)$data['uses_customer']
LINE: 5
LINE: 29
CODE: public function editCoupon($coupon_id, $data)
LINE: 44
CODE: date_end, status
LINE: 92
FILE: admin/controller/marketing/coupon.php
CODE: $coupon_total = $this->model_marketing_coupon->getTotalCoupons();
LINE: 180
CODE: $result['name'],
LINE: 187
CODE: $data['token'] = $this->session->data['token'];
LINE: 331
CODE: if (isset($this->request->post['name'])) {
LINE: 435
FILE: admin/view/template/marketing/coupon_form.tpl
CODE: <label class="col-sm-2 control-label" for="input-product">
LINE: 129
FILE: admin/view/template/marketing/coupon_list.tpl
CODE: <td class="text-left"><?php if ($sort == 'c.code') { ?>
LINE: 47
CODE: <td class="text-left"><?php echo $coupon['name']; ?></td>
LINE: 84
FILE: catalog/model/checkout/coupon.php
CODE: if ($coupon_query->num_rows) {
LINE: 7
----------------------------------------------------------------
MOD: Local copy OCMOD by iSenseLabs
FILE: admin/controller/extension/installer.php
CODE: 'url'  => str_replace('&amp;', '&', $this->url->link('extension/installer/ftp', 'token=' . $this->session->data['token'],
LINE: 132
CODE: public function unzip() {
LINE: 293
----------------------------------------------------------------
MOD: Progress Bar - OpenCart 2.x
FILE: catalog/view/theme/default/template/common/header.tpl
CODE: </head>
LINE: 61
FILE: catalog/controller/common/header.php
CODE: $data['name'] = $this->config->get('config_name');
LINE: 20
----------------------------------------------------------------
2017-06-01 12:09:53 - MOD: Modification Default
FILE: system/engine/action.php
REGEX: ~(require|include)(_once)?\(([^)]+)~
LINE: 58
FILE: system/engine/loader.php
REGEX: ~(require|include)(_once)?\(([^)]+)~
LINE: 20
LINE: 37
LINE: 54
LINE: 65
FILE: system/library/config.php
REGEX: ~(require|include)(_once)?\(([^)]+)~
LINE: 23
FILE: system/library/language.php
REGEX: ~(require|include)(_once)?\(([^)]+)~
LINE: 21
LINE: 27
----------------------------------------------------------------
MOD: Customer Group Coupon
FILE: admin/language/english/marketing/coupon.php
CODE: $_['heading_title']
LINE: 9
FILE: admin/model/marketing/coupon.php
CODE: (int)$data['uses_customer']
LINE: 5
LINE: 29
CODE: public function editCoupon($coupon_id, $data)
LINE: 44
CODE: date_end, status
LINE: 92
FILE: admin/controller/marketing/coupon.php
CODE: $coupon_total = $this->model_marketing_coupon->getTotalCoupons();
LINE: 180
CODE: $result['name'],
LINE: 187
CODE: $data['token'] = $this->session->data['token'];
LINE: 331
CODE: if (isset($this->request->post['name'])) {
LINE: 435
FILE: admin/view/template/marketing/coupon_form.tpl
CODE: <label class="col-sm-2 control-label" for="input-product">
LINE: 129
FILE: admin/view/template/marketing/coupon_list.tpl
CODE: <td class="text-left"><?php if ($sort == 'c.code') { ?>
LINE: 47
CODE: <td class="text-left"><?php echo $coupon['name']; ?></td>
LINE: 84
FILE: catalog/model/checkout/coupon.php
CODE: if ($coupon_query->num_rows) {
LINE: 7
----------------------------------------------------------------
MOD: Local copy OCMOD by iSenseLabs
FILE: admin/controller/extension/installer.php
CODE: 'url'  => str_replace('&amp;', '&', $this->url->link('extension/installer/ftp', 'token=' . $this->session->data['token'],
LINE: 132
CODE: public function unzip() {
LINE: 293
----------------------------------------------------------------
MOD: Progress Bar - OpenCart 2.x
FILE: catalog/view/theme/default/template/common/header.tpl
CODE: </head>
LINE: 61
FILE: catalog/controller/common/header.php
CODE: $data['name'] = $this->config->get('config_name');
LINE: 20
----------------------------------------------------------------
2017-06-05 5:22:34 - MOD: Modification Default
FILE: system/engine/action.php
REGEX: ~(require|include)(_once)?\(([^)]+)~
LINE: 58
FILE: system/engine/loader.php
REGEX: ~(require|include)(_once)?\(([^)]+)~
LINE: 20
LINE: 37
LINE: 54
LINE: 65
FILE: system/library/config.php
REGEX: ~(require|include)(_once)?\(([^)]+)~
LINE: 23
FILE: system/library/language.php
REGEX: ~(require|include)(_once)?\(([^)]+)~
LINE: 21
LINE: 27
----------------------------------------------------------------
MOD: Customer Group Coupon
FILE: admin/language/english/marketing/coupon.php
CODE: $_['heading_title']
LINE: 9
FILE: admin/model/marketing/coupon.php
CODE: (int)$data['uses_customer']
LINE: 5
LINE: 29
CODE: public function editCoupon($coupon_id, $data)
LINE: 44
CODE: date_end, status
LINE: 92
FILE: admin/controller/marketing/coupon.php
CODE: $coupon_total = $this->model_marketing_coupon->getTotalCoupons();
LINE: 180
CODE: $result['name'],
LINE: 187
CODE: $data['token'] = $this->session->data['token'];
LINE: 331
CODE: if (isset($this->request->post['name'])) {
LINE: 435
FILE: admin/view/template/marketing/coupon_form.tpl
CODE: <label class="col-sm-2 control-label" for="input-product">
LINE: 129
FILE: admin/view/template/marketing/coupon_list.tpl
CODE: <td class="text-left"><?php if ($sort == 'c.code') { ?>
LINE: 47
CODE: <td class="text-left"><?php echo $coupon['name']; ?></td>
LINE: 84
FILE: catalog/model/checkout/coupon.php
CODE: if ($coupon_query->num_rows) {
LINE: 7
----------------------------------------------------------------
MOD: Local copy OCMOD by iSenseLabs
FILE: admin/controller/extension/installer.php
CODE: 'url'  => str_replace('&amp;', '&', $this->url->link('extension/installer/ftp', 'token=' . $this->session->data['token'],
LINE: 132
CODE: public function unzip() {
LINE: 293
----------------------------------------------------------------
MOD: Progress Bar - OpenCart 2.x
FILE: catalog/view/theme/default/template/common/header.tpl
CODE: </head>
LINE: 61
FILE: catalog/controller/common/header.php
CODE: $data['name'] = $this->config->get('config_name');
LINE: 20
----------------------------------------------------------------
